<?xml version="1.0" encoding="UTF-8"?>
<testsuite name="com.tripkit.lighthouse.service.SpotServiceTest" tests="4" skipped="0" failures="0" errors="0" timestamp="2023-01-22T13:49:57" hostname="songchihoon-ui-MacBookPro.local" time="0.32">
  <properties/>
  <testcase name="카테고리로 Spot 가져오기" classname="com.tripkit.lighthouse.service.SpotServiceTest" time="0.001"/>
  <testcase name="위치정보 더하기" classname="com.tripkit.lighthouse.service.SpotServiceTest" time="0.001"/>
  <testcase name="태그로 위치정보 가져오기" classname="com.tripkit.lighthouse.service.SpotServiceTest" time="0.001"/>
  <testcase name="Title로 위치정보 가져오기" classname="com.tripkit.lighthouse.service.SpotServiceTest" time="0.316"/>
  <system-out><![CDATA[2023-01-22 22:49:57.311  INFO 93413 --- [    Test worker] .b.t.c.SpringBootTestContextBootstrapper : Neither @ContextConfiguration nor @ContextHierarchy found for test class [com.tripkit.lighthouse.service.SpotServiceTest], using SpringBootContextLoader
2023-01-22 22:49:57.312  INFO 93413 --- [    Test worker] o.s.t.c.support.AbstractContextLoader    : Could not detect default resource locations for test class [com.tripkit.lighthouse.service.SpotServiceTest]: no resource found for suffixes {-context.xml, Context.groovy}.
2023-01-22 22:49:57.312  INFO 93413 --- [    Test worker] t.c.s.AnnotationConfigContextLoaderUtils : Could not detect default configuration classes for test class [com.tripkit.lighthouse.service.SpotServiceTest]: SpotServiceTest does not declare any static, non-private, non-final, nested classes annotated with @Configuration.
2023-01-22 22:49:57.313  INFO 93413 --- [    Test worker] .b.t.c.SpringBootTestContextBootstrapper : Found @SpringBootConfiguration com.tripkit.lighthouse.TripkitApplication for test class com.tripkit.lighthouse.service.SpotServiceTest
2023-01-22 22:49:57.314  INFO 93413 --- [    Test worker] .b.t.c.SpringBootTestContextBootstrapper : Loaded default TestExecutionListener class names from location [META-INF/spring.factories]: [org.springframework.boot.test.autoconfigure.restdocs.RestDocsTestExecutionListener, org.springframework.boot.test.autoconfigure.web.client.MockRestServiceServerResetTestExecutionListener, org.springframework.boot.test.autoconfigure.web.servlet.MockMvcPrintOnlyOnFailureTestExecutionListener, org.springframework.boot.test.autoconfigure.web.servlet.WebDriverTestExecutionListener, org.springframework.boot.test.autoconfigure.webservices.client.MockWebServiceServerTestExecutionListener, org.springframework.boot.test.mock.mockito.MockitoTestExecutionListener, org.springframework.boot.test.mock.mockito.ResetMocksTestExecutionListener, org.springframework.test.context.web.ServletTestExecutionListener, org.springframework.test.context.support.DirtiesContextBeforeModesTestExecutionListener, org.springframework.test.context.event.ApplicationEventsTestExecutionListener, org.springframework.test.context.support.DependencyInjectionTestExecutionListener, org.springframework.test.context.support.DirtiesContextTestExecutionListener, org.springframework.test.context.transaction.TransactionalTestExecutionListener, org.springframework.test.context.jdbc.SqlScriptsTestExecutionListener, org.springframework.test.context.event.EventPublishingTestExecutionListener]
2023-01-22 22:49:57.314  INFO 93413 --- [    Test worker] .b.t.c.SpringBootTestContextBootstrapper : Using TestExecutionListeners: [org.springframework.test.context.web.ServletTestExecutionListener@28e5320e, org.springframework.test.context.support.DirtiesContextBeforeModesTestExecutionListener@76ce2e7, org.springframework.test.context.event.ApplicationEventsTestExecutionListener@1f583c44, org.springframework.boot.test.mock.mockito.MockitoTestExecutionListener@6e7da5f4, org.springframework.boot.test.autoconfigure.SpringBootDependencyInjectionTestExecutionListener@6f099f77, org.springframework.test.context.support.DirtiesContextTestExecutionListener@f9233ab, org.springframework.test.context.transaction.TransactionalTestExecutionListener@51768401, org.springframework.test.context.jdbc.SqlScriptsTestExecutionListener@52a7c9de, org.springframework.test.context.event.EventPublishingTestExecutionListener@717616da, org.springframework.boot.test.autoconfigure.restdocs.RestDocsTestExecutionListener@6f677c34, org.springframework.boot.test.autoconfigure.web.client.MockRestServiceServerResetTestExecutionListener@a54ab55, org.springframework.boot.test.autoconfigure.web.servlet.MockMvcPrintOnlyOnFailureTestExecutionListener@66d17af8, org.springframework.boot.test.autoconfigure.web.servlet.WebDriverTestExecutionListener@27d0703e, org.springframework.boot.test.autoconfigure.webservices.client.MockWebServiceServerTestExecutionListener@73023e2c, org.springframework.boot.test.mock.mockito.ResetMocksTestExecutionListener@5ca32d1a]
Response{protocol=h2, code=200, message=, url=https://maps.googleapis.com/maps/api/place/findplacefromtext/json?input=%EC%B9%B4%ED%8E%98&inputtype=textquery&fields=name,rating,opening_hours,geometry,place_id&key=${GOOGLE_API_KEY}}
okhttp3.internal.http.RealResponseBody@6f810a8c
]]></system-out>
  <system-err><![CDATA[]]></system-err>
</testsuite>
