<?xml version="1.0" encoding="UTF-8"?>
<testsuite name="com.tripkit.lighthouse.controller.SpotControllerTest" tests="4" skipped="0" failures="0" errors="0" timestamp="2023-01-22T13:49:57" hostname="songchihoon-ui-MacBookPro.local" time="0.004">
  <properties/>
  <testcase name="카테고리로 Spot 데이터 가져오기" classname="com.tripkit.lighthouse.controller.SpotControllerTest" time="0.001"/>
  <testcase name="Spot Post하기" classname="com.tripkit.lighthouse.controller.SpotControllerTest" time="0.001"/>
  <testcase name="태그로 Spot 데이터 가져오기" classname="com.tripkit.lighthouse.controller.SpotControllerTest" time="0.001"/>
  <testcase name="매장 이름으로 Spot 데이터 가져오기" classname="com.tripkit.lighthouse.controller.SpotControllerTest" time="0.001"/>
  <system-out><![CDATA[2023-01-22 22:49:56.910  INFO 93413 --- [    Test worker] .b.t.c.SpringBootTestContextBootstrapper : Neither @ContextConfiguration nor @ContextHierarchy found for test class [com.tripkit.lighthouse.controller.SpotControllerTest], using SpringBootContextLoader
2023-01-22 22:49:56.910  INFO 93413 --- [    Test worker] o.s.t.c.support.AbstractContextLoader    : Could not detect default resource locations for test class [com.tripkit.lighthouse.controller.SpotControllerTest]: no resource found for suffixes {-context.xml, Context.groovy}.
2023-01-22 22:49:56.911  INFO 93413 --- [    Test worker] t.c.s.AnnotationConfigContextLoaderUtils : Could not detect default configuration classes for test class [com.tripkit.lighthouse.controller.SpotControllerTest]: SpotControllerTest does not declare any static, non-private, non-final, nested classes annotated with @Configuration.
2023-01-22 22:49:56.911  INFO 93413 --- [    Test worker] .b.t.c.SpringBootTestContextBootstrapper : Found @SpringBootConfiguration com.tripkit.lighthouse.TripkitApplication for test class com.tripkit.lighthouse.controller.SpotControllerTest
2023-01-22 22:49:56.912  INFO 93413 --- [    Test worker] .b.t.c.SpringBootTestContextBootstrapper : Loaded default TestExecutionListener class names from location [META-INF/spring.factories]: [org.springframework.boot.test.autoconfigure.restdocs.RestDocsTestExecutionListener, org.springframework.boot.test.autoconfigure.web.client.MockRestServiceServerResetTestExecutionListener, org.springframework.boot.test.autoconfigure.web.servlet.MockMvcPrintOnlyOnFailureTestExecutionListener, org.springframework.boot.test.autoconfigure.web.servlet.WebDriverTestExecutionListener, org.springframework.boot.test.autoconfigure.webservices.client.MockWebServiceServerTestExecutionListener, org.springframework.boot.test.mock.mockito.MockitoTestExecutionListener, org.springframework.boot.test.mock.mockito.ResetMocksTestExecutionListener, org.springframework.test.context.web.ServletTestExecutionListener, org.springframework.test.context.support.DirtiesContextBeforeModesTestExecutionListener, org.springframework.test.context.event.ApplicationEventsTestExecutionListener, org.springframework.test.context.support.DependencyInjectionTestExecutionListener, org.springframework.test.context.support.DirtiesContextTestExecutionListener, org.springframework.test.context.transaction.TransactionalTestExecutionListener, org.springframework.test.context.jdbc.SqlScriptsTestExecutionListener, org.springframework.test.context.event.EventPublishingTestExecutionListener]
2023-01-22 22:49:56.912  INFO 93413 --- [    Test worker] .b.t.c.SpringBootTestContextBootstrapper : Using TestExecutionListeners: [org.springframework.test.context.web.ServletTestExecutionListener@4363f0ee, org.springframework.test.context.support.DirtiesContextBeforeModesTestExecutionListener@68d4ed14, org.springframework.test.context.event.ApplicationEventsTestExecutionListener@7c638b27, org.springframework.boot.test.mock.mockito.MockitoTestExecutionListener@4df812b6, org.springframework.boot.test.autoconfigure.SpringBootDependencyInjectionTestExecutionListener@11c07f67, org.springframework.test.context.support.DirtiesContextTestExecutionListener@5eb39c06, org.springframework.test.context.transaction.TransactionalTestExecutionListener@3e691e44, org.springframework.test.context.jdbc.SqlScriptsTestExecutionListener@3389c69d, org.springframework.test.context.event.EventPublishingTestExecutionListener@2120bccc, org.springframework.boot.test.autoconfigure.restdocs.RestDocsTestExecutionListener@63b15742, org.springframework.boot.test.autoconfigure.web.client.MockRestServiceServerResetTestExecutionListener@15dcfe4e, org.springframework.boot.test.autoconfigure.web.servlet.MockMvcPrintOnlyOnFailureTestExecutionListener@681c7f46, org.springframework.boot.test.autoconfigure.web.servlet.WebDriverTestExecutionListener@4c7e7855, org.springframework.boot.test.autoconfigure.webservices.client.MockWebServiceServerTestExecutionListener@259c3ddf, org.springframework.boot.test.mock.mockito.ResetMocksTestExecutionListener@57c089ac]

  .   ____          _            __ _ _
 /\\ / ___'_ __ _ _(_)_ __  __ _ \ \ \ \
( ( )\___ | '_ | '_| | '_ \/ _` | \ \ \ \
 \\/  ___)| |_)| | | | | || (_| |  ) ) ) )
  '  |____| .__|_| |_|_| |_\__, | / / / /
 =========|_|==============|___/=/_/_/_/
 :: Spring Boot ::                (v2.7.3)

2023-01-22 22:49:56.918  INFO 93413 --- [    Test worker] c.t.l.controller.SpotControllerTest      : Starting SpotControllerTest using Java 17.0.4 on songchihoon-ui-MacBookPro.local with PID 93413 (started by marhead in /Users/marhead/Projects/tripkit-location)
2023-01-22 22:49:56.918  INFO 93413 --- [    Test worker] c.t.l.controller.SpotControllerTest      : No active profile set, falling back to 1 default profile: "default"
2023-01-22 22:49:56.986  INFO 93413 --- [    Test worker] .s.d.r.c.RepositoryConfigurationDelegate : Multiple Spring Data modules found, entering strict repository configuration mode
2023-01-22 22:49:56.986  INFO 93413 --- [    Test worker] .s.d.r.c.RepositoryConfigurationDelegate : Bootstrapping Spring Data JDBC repositories in DEFAULT mode.
2023-01-22 22:49:56.988  INFO 93413 --- [    Test worker] .RepositoryConfigurationExtensionSupport : Spring Data JDBC - Could not safely identify store assignment for repository candidate interface com.tripkit.lighthouse.repository.ActivityRepository; If you want this repository to be a JDBC repository, consider annotating your entities with one of these annotations: org.springframework.data.relational.core.mapping.Table.
2023-01-22 22:49:56.988  INFO 93413 --- [    Test worker] .RepositoryConfigurationExtensionSupport : Spring Data JDBC - Could not safely identify store assignment for repository candidate interface com.tripkit.lighthouse.repository.ImageRepository; If you want this repository to be a JDBC repository, consider annotating your entities with one of these annotations: org.springframework.data.relational.core.mapping.Table.
2023-01-22 22:49:56.988  INFO 93413 --- [    Test worker] .RepositoryConfigurationExtensionSupport : Spring Data JDBC - Could not safely identify store assignment for repository candidate interface com.tripkit.lighthouse.repository.LineRepository; If you want this repository to be a JDBC repository, consider annotating your entities with one of these annotations: org.springframework.data.relational.core.mapping.Table.
2023-01-22 22:49:56.988  INFO 93413 --- [    Test worker] .RepositoryConfigurationExtensionSupport : Spring Data JDBC - Could not safely identify store assignment for repository candidate interface com.tripkit.lighthouse.repository.SpotDetailRepository; If you want this repository to be a JDBC repository, consider annotating your entities with one of these annotations: org.springframework.data.relational.core.mapping.Table.
2023-01-22 22:49:56.988  INFO 93413 --- [    Test worker] .RepositoryConfigurationExtensionSupport : Spring Data JDBC - Could not safely identify store assignment for repository candidate interface com.tripkit.lighthouse.repository.SpotRepository; If you want this repository to be a JDBC repository, consider annotating your entities with one of these annotations: org.springframework.data.relational.core.mapping.Table.
2023-01-22 22:49:56.988  INFO 93413 --- [    Test worker] .s.d.r.c.RepositoryConfigurationDelegate : Finished Spring Data repository scanning in 1 ms. Found 0 JDBC repository interfaces.
2023-01-22 22:49:56.989  INFO 93413 --- [    Test worker] .s.d.r.c.RepositoryConfigurationDelegate : Multiple Spring Data modules found, entering strict repository configuration mode
2023-01-22 22:49:56.989  INFO 93413 --- [    Test worker] .s.d.r.c.RepositoryConfigurationDelegate : Bootstrapping Spring Data JPA repositories in DEFAULT mode.
2023-01-22 22:49:56.992  INFO 93413 --- [    Test worker] .s.d.r.c.RepositoryConfigurationDelegate : Finished Spring Data repository scanning in 3 ms. Found 5 JPA repository interfaces.
2023-01-22 22:49:57.035  INFO 93413 --- [    Test worker] com.zaxxer.hikari.HikariDataSource       : HikariPool-4 - Starting...
2023-01-22 22:49:57.036  INFO 93413 --- [    Test worker] com.zaxxer.hikari.HikariDataSource       : HikariPool-4 - Start completed.
2023-01-22 22:49:57.039  INFO 93413 --- [    Test worker] o.hibernate.jpa.internal.util.LogHelper  : HHH000204: Processing PersistenceUnitInfo [name: default]
2023-01-22 22:49:57.041  INFO 93413 --- [    Test worker] org.hibernate.dialect.Dialect            : HHH000400: Using dialect: org.hibernate.dialect.H2Dialect
2023-01-22 22:49:57.073  INFO 93413 --- [    Test worker] o.h.e.t.j.p.i.JtaPlatformInitiator       : HHH000490: Using JtaPlatform implementation: [org.hibernate.engine.transaction.jta.platform.internal.NoJtaPlatform]
2023-01-22 22:49:57.073  INFO 93413 --- [    Test worker] j.LocalContainerEntityManagerFactoryBean : Initialized JPA EntityManagerFactory for persistence unit 'default'
2023-01-22 22:49:57.132  WARN 93413 --- [    Test worker] JpaBaseConfiguration$JpaWebConfiguration : spring.jpa.open-in-view is enabled by default. Therefore, database queries may be performed during view rendering. Explicitly configure spring.jpa.open-in-view to disable this warning
2023-01-22 22:49:57.273  INFO 93413 --- [    Test worker] o.s.b.t.m.w.SpringBootMockServletContext : Initializing Spring TestDispatcherServlet ''
2023-01-22 22:49:57.274  INFO 93413 --- [    Test worker] o.s.t.web.servlet.TestDispatcherServlet  : Initializing Servlet ''
2023-01-22 22:49:57.274  INFO 93413 --- [    Test worker] o.s.t.web.servlet.TestDispatcherServlet  : Completed initialization in 0 ms
2023-01-22 22:49:57.305  INFO 93413 --- [    Test worker] c.t.l.controller.SpotControllerTest      : Started SpotControllerTest in 0.393 seconds (JVM running for 3.906)
]]></system-out>
  <system-err><![CDATA[]]></system-err>
</testsuite>
