<?xml version="1.0" encoding="UTF-8"?>
<testsuite name="com.tripkit.lighthouse.controller.ApiControllerTest" tests="2" skipped="0" failures="0" errors="0" timestamp="2023-01-22T13:49:56" hostname="songchihoon-ui-MacBookPro.local" time="0.02">
  <properties/>
  <testcase name="getTest()" classname="com.tripkit.lighthouse.controller.ApiControllerTest" time="0.019"/>
  <testcase name="getTest2()" classname="com.tripkit.lighthouse.controller.ApiControllerTest" time="0.0"/>
  <system-out><![CDATA[2023-01-22 22:49:55.945  INFO 93413 --- [    Test worker] .b.t.c.SpringBootTestContextBootstrapper : Neither @ContextConfiguration nor @ContextHierarchy found for test class [com.tripkit.lighthouse.controller.ApiControllerTest], using SpringBootContextLoader
2023-01-22 22:49:55.945  INFO 93413 --- [    Test worker] o.s.t.c.support.AbstractContextLoader    : Could not detect default resource locations for test class [com.tripkit.lighthouse.controller.ApiControllerTest]: no resource found for suffixes {-context.xml, Context.groovy}.
2023-01-22 22:49:55.945  INFO 93413 --- [    Test worker] t.c.s.AnnotationConfigContextLoaderUtils : Could not detect default configuration classes for test class [com.tripkit.lighthouse.controller.ApiControllerTest]: ApiControllerTest does not declare any static, non-private, non-final, nested classes annotated with @Configuration.
2023-01-22 22:49:55.949  INFO 93413 --- [    Test worker] .b.t.c.SpringBootTestContextBootstrapper : Found @SpringBootConfiguration com.tripkit.lighthouse.TripkitApplication for test class com.tripkit.lighthouse.controller.ApiControllerTest
2023-01-22 22:49:55.950  INFO 93413 --- [    Test worker] .b.t.c.SpringBootTestContextBootstrapper : Loaded default TestExecutionListener class names from location [META-INF/spring.factories]: [org.springframework.boot.test.autoconfigure.restdocs.RestDocsTestExecutionListener, org.springframework.boot.test.autoconfigure.web.client.MockRestServiceServerResetTestExecutionListener, org.springframework.boot.test.autoconfigure.web.servlet.MockMvcPrintOnlyOnFailureTestExecutionListener, org.springframework.boot.test.autoconfigure.web.servlet.WebDriverTestExecutionListener, org.springframework.boot.test.autoconfigure.webservices.client.MockWebServiceServerTestExecutionListener, org.springframework.boot.test.mock.mockito.MockitoTestExecutionListener, org.springframework.boot.test.mock.mockito.ResetMocksTestExecutionListener, org.springframework.test.context.web.ServletTestExecutionListener, org.springframework.test.context.support.DirtiesContextBeforeModesTestExecutionListener, org.springframework.test.context.event.ApplicationEventsTestExecutionListener, org.springframework.test.context.support.DependencyInjectionTestExecutionListener, org.springframework.test.context.support.DirtiesContextTestExecutionListener, org.springframework.test.context.transaction.TransactionalTestExecutionListener, org.springframework.test.context.jdbc.SqlScriptsTestExecutionListener, org.springframework.test.context.event.EventPublishingTestExecutionListener]
2023-01-22 22:49:55.950  INFO 93413 --- [    Test worker] .b.t.c.SpringBootTestContextBootstrapper : Using TestExecutionListeners: [org.springframework.test.context.web.ServletTestExecutionListener@6d9069ab, org.springframework.test.context.support.DirtiesContextBeforeModesTestExecutionListener@648ec9f4, org.springframework.test.context.event.ApplicationEventsTestExecutionListener@158119bf, org.springframework.boot.test.mock.mockito.MockitoTestExecutionListener@69abff1d, org.springframework.boot.test.autoconfigure.SpringBootDependencyInjectionTestExecutionListener@7980eb2, org.springframework.test.context.support.DirtiesContextTestExecutionListener@15cba6dc, org.springframework.test.context.transaction.TransactionalTestExecutionListener@81a193b, org.springframework.test.context.jdbc.SqlScriptsTestExecutionListener@3eff5c32, org.springframework.test.context.event.EventPublishingTestExecutionListener@79d538c1, org.springframework.boot.test.autoconfigure.restdocs.RestDocsTestExecutionListener@31e08c61, org.springframework.boot.test.autoconfigure.web.client.MockRestServiceServerResetTestExecutionListener@69eb88a7, org.springframework.boot.test.autoconfigure.web.servlet.MockMvcPrintOnlyOnFailureTestExecutionListener@2db15764, org.springframework.boot.test.autoconfigure.web.servlet.WebDriverTestExecutionListener@7d727123, org.springframework.boot.test.autoconfigure.webservices.client.MockWebServiceServerTestExecutionListener@48446968, org.springframework.boot.test.mock.mockito.ResetMocksTestExecutionListener@7ddf7e77]

  .   ____          _            __ _ _
 /\\ / ___'_ __ _ _(_)_ __  __ _ \ \ \ \
( ( )\___ | '_ | '_| | '_ \/ _` | \ \ \ \
 \\/  ___)| |_)| | | | | || (_| |  ) ) ) )
  '  |____| .__|_| |_|_| |_\__, | / / / /
 =========|_|==============|___/=/_/_/_/
 :: Spring Boot ::                (v2.7.3)

2023-01-22 22:49:55.958  INFO 93413 --- [    Test worker] c.t.l.controller.ApiControllerTest       : Starting ApiControllerTest using Java 17.0.4 on songchihoon-ui-MacBookPro.local with PID 93413 (started by marhead in /Users/marhead/Projects/tripkit-location)
2023-01-22 22:49:55.958  INFO 93413 --- [    Test worker] c.t.l.controller.ApiControllerTest       : No active profile set, falling back to 1 default profile: "default"
2023-01-22 22:49:56.053  INFO 93413 --- [    Test worker] .s.d.r.c.RepositoryConfigurationDelegate : Multiple Spring Data modules found, entering strict repository configuration mode
2023-01-22 22:49:56.053  INFO 93413 --- [    Test worker] .s.d.r.c.RepositoryConfigurationDelegate : Bootstrapping Spring Data JDBC repositories in DEFAULT mode.
2023-01-22 22:49:56.055  INFO 93413 --- [    Test worker] .RepositoryConfigurationExtensionSupport : Spring Data JDBC - Could not safely identify store assignment for repository candidate interface com.tripkit.lighthouse.repository.ActivityRepository; If you want this repository to be a JDBC repository, consider annotating your entities with one of these annotations: org.springframework.data.relational.core.mapping.Table.
2023-01-22 22:49:56.056  INFO 93413 --- [    Test worker] .RepositoryConfigurationExtensionSupport : Spring Data JDBC - Could not safely identify store assignment for repository candidate interface com.tripkit.lighthouse.repository.ImageRepository; If you want this repository to be a JDBC repository, consider annotating your entities with one of these annotations: org.springframework.data.relational.core.mapping.Table.
2023-01-22 22:49:56.056  INFO 93413 --- [    Test worker] .RepositoryConfigurationExtensionSupport : Spring Data JDBC - Could not safely identify store assignment for repository candidate interface com.tripkit.lighthouse.repository.LineRepository; If you want this repository to be a JDBC repository, consider annotating your entities with one of these annotations: org.springframework.data.relational.core.mapping.Table.
2023-01-22 22:49:56.056  INFO 93413 --- [    Test worker] .RepositoryConfigurationExtensionSupport : Spring Data JDBC - Could not safely identify store assignment for repository candidate interface com.tripkit.lighthouse.repository.SpotDetailRepository; If you want this repository to be a JDBC repository, consider annotating your entities with one of these annotations: org.springframework.data.relational.core.mapping.Table.
2023-01-22 22:49:56.056  INFO 93413 --- [    Test worker] .RepositoryConfigurationExtensionSupport : Spring Data JDBC - Could not safely identify store assignment for repository candidate interface com.tripkit.lighthouse.repository.SpotRepository; If you want this repository to be a JDBC repository, consider annotating your entities with one of these annotations: org.springframework.data.relational.core.mapping.Table.
2023-01-22 22:49:56.056  INFO 93413 --- [    Test worker] .s.d.r.c.RepositoryConfigurationDelegate : Finished Spring Data repository scanning in 2 ms. Found 0 JDBC repository interfaces.
2023-01-22 22:49:56.057  INFO 93413 --- [    Test worker] .s.d.r.c.RepositoryConfigurationDelegate : Multiple Spring Data modules found, entering strict repository configuration mode
2023-01-22 22:49:56.057  INFO 93413 --- [    Test worker] .s.d.r.c.RepositoryConfigurationDelegate : Bootstrapping Spring Data JPA repositories in DEFAULT mode.
2023-01-22 22:49:56.061  INFO 93413 --- [    Test worker] .s.d.r.c.RepositoryConfigurationDelegate : Finished Spring Data repository scanning in 3 ms. Found 5 JPA repository interfaces.
2023-01-22 22:49:56.106  INFO 93413 --- [    Test worker] com.zaxxer.hikari.HikariDataSource       : HikariPool-2 - Starting...
2023-01-22 22:49:56.107  INFO 93413 --- [    Test worker] com.zaxxer.hikari.HikariDataSource       : HikariPool-2 - Start completed.
2023-01-22 22:49:56.117  INFO 93413 --- [    Test worker] o.hibernate.jpa.internal.util.LogHelper  : HHH000204: Processing PersistenceUnitInfo [name: default]
2023-01-22 22:49:56.119  INFO 93413 --- [    Test worker] org.hibernate.dialect.Dialect            : HHH000400: Using dialect: org.hibernate.dialect.H2Dialect
2023-01-22 22:49:56.165  INFO 93413 --- [    Test worker] o.h.e.t.j.p.i.JtaPlatformInitiator       : HHH000490: Using JtaPlatform implementation: [org.hibernate.engine.transaction.jta.platform.internal.NoJtaPlatform]
2023-01-22 22:49:56.165  INFO 93413 --- [    Test worker] j.LocalContainerEntityManagerFactoryBean : Initialized JPA EntityManagerFactory for persistence unit 'default'
2023-01-22 22:49:56.232  WARN 93413 --- [    Test worker] JpaBaseConfiguration$JpaWebConfiguration : spring.jpa.open-in-view is enabled by default. Therefore, database queries may be performed during view rendering. Explicitly configure spring.jpa.open-in-view to disable this warning
2023-01-22 22:49:56.409  INFO 93413 --- [    Test worker] o.s.b.t.m.w.SpringBootMockServletContext : Initializing Spring TestDispatcherServlet ''
2023-01-22 22:49:56.409  INFO 93413 --- [    Test worker] o.s.t.web.servlet.TestDispatcherServlet  : Initializing Servlet ''
2023-01-22 22:49:56.409  INFO 93413 --- [    Test worker] o.s.t.web.servlet.TestDispatcherServlet  : Completed initialization in 0 ms
2023-01-22 22:49:56.448  INFO 93413 --- [    Test worker] c.t.l.controller.ApiControllerTest       : Started ApiControllerTest in 0.497 seconds (JVM running for 3.049)
]]></system-out>
  <system-err><![CDATA[]]></system-err>
</testsuite>
